

############################
Wed Oct 28 16:20:23 EDT 2015
/Users/shadyeldamaty/Dropbox/Projects/ADS/data/ads.subjects/fsqcdir
/Applications/freesurfer/tktools/tksurfer.bin 149959 lh white 
############################


############################
Wed Oct 28 16:20:33 EDT 2015
/Users/shadyeldamaty/Dropbox/Projects/ADS/data/ads.subjects/fsqcdir
/Applications/freesurfer/tktools/tksurfer.bin 149959 rh white 
############################


############################
Wed Oct 28 16:20:42 EDT 2015
/Users/shadyeldamaty/Dropbox/Projects/ADS/data/ads.subjects/fsqcdir
/Applications/freesurfer/tktools/tksurfer.bin 357518 lh white 
############################


############################
Wed Oct 28 16:20:48 EDT 2015
/Users/shadyeldamaty/Dropbox/Projects/ADS/data/ads.subjects/fsqcdir
/Applications/freesurfer/tktools/tksurfer.bin 357518 rh white 
############################


############################
Wed Oct 28 16:20:55 EDT 2015
/Users/shadyeldamaty/Dropbox/Projects/ADS/data/ads.subjects/fsqcdir
/Applications/freesurfer/tktools/tksurfer.bin 357518-w2 lh white 
############################


############################
Wed Oct 28 16:21:02 EDT 2015
/Users/shadyeldamaty/Dropbox/Projects/ADS/data/ads.subjects/fsqcdir
/Applications/freesurfer/tktools/tksurfer.bin 357518-w2 rh white 
############################


############################
Wed Oct 28 16:21:08 EDT 2015
/Users/shadyeldamaty/Dropbox/Projects/ADS/data/ads.subjects/fsqcdir
/Applications/freesurfer/tktools/tksurfer.bin 441492 lh white 
############################


############################
Wed Oct 28 16:21:16 EDT 2015
/Users/shadyeldamaty/Dropbox/Projects/ADS/data/ads.subjects/fsqcdir
/Applications/freesurfer/tktools/tksurfer.bin 441492 rh white 
############################


############################
Wed Oct 28 16:21:23 EDT 2015
/Users/shadyeldamaty/Dropbox/Projects/ADS/data/ads.subjects/fsqcdir
/Applications/freesurfer/tktools/tksurfer.bin 441492-w2 lh white 
############################


############################
Wed Oct 28 16:21:32 EDT 2015
/Users/shadyeldamaty/Dropbox/Projects/ADS/data/ads.subjects/fsqcdir
/Applications/freesurfer/tktools/tksurfer.bin 441492-w2 rh white 
############################


############################
Wed Oct 28 16:21:39 EDT 2015
/Users/shadyeldamaty/Dropbox/Projects/ADS/data/ads.subjects/fsqcdir
/Applications/freesurfer/tktools/tksurfer.bin 641622 lh white 
############################


############################
Wed Oct 28 16:21:47 EDT 2015
/Users/shadyeldamaty/Dropbox/Projects/ADS/data/ads.subjects/fsqcdir
/Applications/freesurfer/tktools/tksurfer.bin 641622 rh white 
############################


############################
Wed Oct 28 16:21:54 EDT 2015
/Users/shadyeldamaty/Dropbox/Projects/ADS/data/ads.subjects/fsqcdir
/Applications/freesurfer/tktools/tksurfer.bin 641622-w2 lh white 
############################


############################
Wed Oct 28 16:22:02 EDT 2015
/Users/shadyeldamaty/Dropbox/Projects/ADS/data/ads.subjects/fsqcdir
/Applications/freesurfer/tktools/tksurfer.bin 641622-w2 rh white 
############################


############################
Wed Oct 28 16:22:10 EDT 2015
/Users/shadyeldamaty/Dropbox/Projects/ADS/data/ads.subjects/fsqcdir
/Applications/freesurfer/tktools/tksurfer.bin 751086-w2 lh white 
############################


############################
Wed Oct 28 16:22:17 EDT 2015
/Users/shadyeldamaty/Dropbox/Projects/ADS/data/ads.subjects/fsqcdir
/Applications/freesurfer/tktools/tksurfer.bin 751086-w2 rh white 
############################


############################
Wed Oct 28 16:22:24 EDT 2015
/Users/shadyeldamaty/Dropbox/Projects/ADS/data/ads.subjects/fsqcdir
/Applications/freesurfer/tktools/tksurfer.bin A00144 lh white 
############################


############################
Wed Oct 28 16:22:31 EDT 2015
/Users/shadyeldamaty/Dropbox/Projects/ADS/data/ads.subjects/fsqcdir
/Applications/freesurfer/tktools/tksurfer.bin A00144 rh white 
############################


############################
Wed Oct 28 16:22:40 EDT 2015
/Users/shadyeldamaty/Dropbox/Projects/ADS/data/ads.subjects/fsqcdir
/Applications/freesurfer/tktools/tksurfer.bin A00144-w2 lh white 
############################


############################
Wed Oct 28 16:22:49 EDT 2015
/Users/shadyeldamaty/Dropbox/Projects/ADS/data/ads.subjects/fsqcdir
/Applications/freesurfer/tktools/tksurfer.bin A00144-w2 rh white 
############################


############################
Wed Oct 28 16:22:57 EDT 2015
/Users/shadyeldamaty/Dropbox/Projects/ADS/data/ads.subjects/fsqcdir
/Applications/freesurfer/tktools/tksurfer.bin A01076 lh white 
############################


############################
Wed Oct 28 16:23:06 EDT 2015
/Users/shadyeldamaty/Dropbox/Projects/ADS/data/ads.subjects/fsqcdir
/Applications/freesurfer/tktools/tksurfer.bin A01076 rh white 
############################


############################
Wed Oct 28 16:23:14 EDT 2015
/Users/shadyeldamaty/Dropbox/Projects/ADS/data/ads.subjects/fsqcdir
/Applications/freesurfer/tktools/tksurfer.bin A01235 lh white 
############################


############################
Wed Oct 28 16:23:23 EDT 2015
/Users/shadyeldamaty/Dropbox/Projects/ADS/data/ads.subjects/fsqcdir
/Applications/freesurfer/tktools/tksurfer.bin A01235 rh white 
############################


############################
Wed Oct 28 16:23:33 EDT 2015
/Users/shadyeldamaty/Dropbox/Projects/ADS/data/ads.subjects/fsqcdir
/Applications/freesurfer/tktools/tksurfer.bin A01235-w2 lh white 
############################


############################
Wed Oct 28 16:23:43 EDT 2015
/Users/shadyeldamaty/Dropbox/Projects/ADS/data/ads.subjects/fsqcdir
/Applications/freesurfer/tktools/tksurfer.bin A01235-w2 rh white 
############################


############################
Wed Oct 28 16:23:52 EDT 2015
/Users/shadyeldamaty/Dropbox/Projects/ADS/data/ads.subjects/fsqcdir
/Applications/freesurfer/tktools/tksurfer.bin A01492 lh white 
############################


############################
Wed Oct 28 16:24:00 EDT 2015
/Users/shadyeldamaty/Dropbox/Projects/ADS/data/ads.subjects/fsqcdir
/Applications/freesurfer/tktools/tksurfer.bin A01492 rh white 
############################


############################
Wed Oct 28 16:24:09 EDT 2015
/Users/shadyeldamaty/Dropbox/Projects/ADS/data/ads.subjects/fsqcdir
/Applications/freesurfer/tktools/tksurfer.bin A01492-w2 lh white 
############################


############################
Wed Oct 28 16:24:18 EDT 2015
/Users/shadyeldamaty/Dropbox/Projects/ADS/data/ads.subjects/fsqcdir
/Applications/freesurfer/tktools/tksurfer.bin A01492-w2 rh white 
############################


############################
Wed Oct 28 16:24:27 EDT 2015
/Users/shadyeldamaty/Dropbox/Projects/ADS/data/ads.subjects/fsqcdir
/Applications/freesurfer/tktools/tksurfer.bin A01800 lh white 
############################


############################
Wed Oct 28 16:24:36 EDT 2015
/Users/shadyeldamaty/Dropbox/Projects/ADS/data/ads.subjects/fsqcdir
/Applications/freesurfer/tktools/tksurfer.bin A01800 rh white 
############################


############################
Wed Oct 28 16:24:46 EDT 2015
/Users/shadyeldamaty/Dropbox/Projects/ADS/data/ads.subjects/fsqcdir
/Applications/freesurfer/tktools/tksurfer.bin A02199 lh white 
############################


############################
Wed Oct 28 16:24:55 EDT 2015
/Users/shadyeldamaty/Dropbox/Projects/ADS/data/ads.subjects/fsqcdir
/Applications/freesurfer/tktools/tksurfer.bin A02199 rh white 
############################


############################
Wed Oct 28 16:25:03 EDT 2015
/Users/shadyeldamaty/Dropbox/Projects/ADS/data/ads.subjects/fsqcdir
/Applications/freesurfer/tktools/tksurfer.bin A02199-w2 lh white 
############################


############################
Wed Oct 28 16:25:13 EDT 2015
/Users/shadyeldamaty/Dropbox/Projects/ADS/data/ads.subjects/fsqcdir
/Applications/freesurfer/tktools/tksurfer.bin A02199-w2 rh white 
############################


############################
Wed Oct 28 16:25:23 EDT 2015
/Users/shadyeldamaty/Dropbox/Projects/ADS/data/ads.subjects/fsqcdir
/Applications/freesurfer/tktools/tksurfer.bin A03201 lh white 
############################


############################
Wed Oct 28 16:25:32 EDT 2015
/Users/shadyeldamaty/Dropbox/Projects/ADS/data/ads.subjects/fsqcdir
/Applications/freesurfer/tktools/tksurfer.bin A03201 rh white 
############################


############################
Wed Oct 28 16:25:43 EDT 2015
/Users/shadyeldamaty/Dropbox/Projects/ADS/data/ads.subjects/fsqcdir
/Applications/freesurfer/tktools/tksurfer.bin A03201-w2 lh white 
############################


############################
Wed Oct 28 16:25:54 EDT 2015
/Users/shadyeldamaty/Dropbox/Projects/ADS/data/ads.subjects/fsqcdir
/Applications/freesurfer/tktools/tksurfer.bin A03201-w2 rh white 
############################


############################
Wed Oct 28 16:26:04 EDT 2015
/Users/shadyeldamaty/Dropbox/Projects/ADS/data/ads.subjects/fsqcdir
/Applications/freesurfer/tktools/tksurfer.bin A04014 lh white 
############################


############################
Wed Oct 28 16:26:14 EDT 2015
/Users/shadyeldamaty/Dropbox/Projects/ADS/data/ads.subjects/fsqcdir
/Applications/freesurfer/tktools/tksurfer.bin A04014 rh white 
############################


############################
Wed Oct 28 16:26:24 EDT 2015
/Users/shadyeldamaty/Dropbox/Projects/ADS/data/ads.subjects/fsqcdir
/Applications/freesurfer/tktools/tksurfer.bin A04014-w2 lh white 
############################


############################
Wed Oct 28 16:26:34 EDT 2015
/Users/shadyeldamaty/Dropbox/Projects/ADS/data/ads.subjects/fsqcdir
/Applications/freesurfer/tktools/tksurfer.bin A04014-w2 rh white 
############################


############################
Wed Oct 28 16:26:43 EDT 2015
/Users/shadyeldamaty/Dropbox/Projects/ADS/data/ads.subjects/fsqcdir
/Applications/freesurfer/tktools/tksurfer.bin B70003 lh white 
############################


############################
Wed Oct 28 16:26:51 EDT 2015
/Users/shadyeldamaty/Dropbox/Projects/ADS/data/ads.subjects/fsqcdir
/Applications/freesurfer/tktools/tksurfer.bin B70003 rh white 
############################


############################
Wed Oct 28 16:26:58 EDT 2015
/Users/shadyeldamaty/Dropbox/Projects/ADS/data/ads.subjects/fsqcdir
/Applications/freesurfer/tktools/tksurfer.bin B70003-w2 lh white 
############################


############################
Wed Oct 28 16:27:06 EDT 2015
/Users/shadyeldamaty/Dropbox/Projects/ADS/data/ads.subjects/fsqcdir
/Applications/freesurfer/tktools/tksurfer.bin B70003-w2 rh white 
############################


############################
Wed Oct 28 16:27:14 EDT 2015
/Users/shadyeldamaty/Dropbox/Projects/ADS/data/ads.subjects/fsqcdir
/Applications/freesurfer/tktools/tksurfer.bin C70009 lh white 
############################


############################
Wed Oct 28 16:27:21 EDT 2015
/Users/shadyeldamaty/Dropbox/Projects/ADS/data/ads.subjects/fsqcdir
/Applications/freesurfer/tktools/tksurfer.bin C70009 rh white 
############################


############################
Wed Oct 28 16:27:29 EDT 2015
/Users/shadyeldamaty/Dropbox/Projects/ADS/data/ads.subjects/fsqcdir
/Applications/freesurfer/tktools/tksurfer.bin C70009-w2 lh white 
############################


############################
Wed Oct 28 16:27:37 EDT 2015
/Users/shadyeldamaty/Dropbox/Projects/ADS/data/ads.subjects/fsqcdir
/Applications/freesurfer/tktools/tksurfer.bin C70009-w2 rh white 
############################


############################
Wed Oct 28 16:27:46 EDT 2015
/Users/shadyeldamaty/Dropbox/Projects/ADS/data/ads.subjects/fsqcdir
/Applications/freesurfer/tktools/tksurfer.bin C70013 lh white 
############################


############################
Wed Oct 28 16:27:54 EDT 2015
/Users/shadyeldamaty/Dropbox/Projects/ADS/data/ads.subjects/fsqcdir
/Applications/freesurfer/tktools/tksurfer.bin C70013 rh white 
############################


############################
Wed Oct 28 16:28:03 EDT 2015
/Users/shadyeldamaty/Dropbox/Projects/ADS/data/ads.subjects/fsqcdir
/Applications/freesurfer/tktools/tksurfer.bin C70013-w2 lh white 
############################


############################
Wed Oct 28 16:28:12 EDT 2015
/Users/shadyeldamaty/Dropbox/Projects/ADS/data/ads.subjects/fsqcdir
/Applications/freesurfer/tktools/tksurfer.bin C70013-w2 rh white 
############################


############################
Wed Oct 28 16:28:20 EDT 2015
/Users/shadyeldamaty/Dropbox/Projects/ADS/data/ads.subjects/fsqcdir
/Applications/freesurfer/tktools/tksurfer.bin C70032 lh white 
############################


############################
Wed Oct 28 16:28:30 EDT 2015
/Users/shadyeldamaty/Dropbox/Projects/ADS/data/ads.subjects/fsqcdir
/Applications/freesurfer/tktools/tksurfer.bin C70032 rh white 
############################


############################
Wed Oct 28 16:28:38 EDT 2015
/Users/shadyeldamaty/Dropbox/Projects/ADS/data/ads.subjects/fsqcdir
/Applications/freesurfer/tktools/tksurfer.bin C70032-w2 lh white 
############################


############################
Wed Oct 28 16:28:47 EDT 2015
/Users/shadyeldamaty/Dropbox/Projects/ADS/data/ads.subjects/fsqcdir
/Applications/freesurfer/tktools/tksurfer.bin C70032-w2 rh white 
############################


############################
Wed Oct 28 16:28:55 EDT 2015
/Users/shadyeldamaty/Dropbox/Projects/ADS/data/ads.subjects/fsqcdir
/Applications/freesurfer/tktools/tksurfer.bin C70034 lh white 
############################


############################
Wed Oct 28 16:29:02 EDT 2015
/Users/shadyeldamaty/Dropbox/Projects/ADS/data/ads.subjects/fsqcdir
/Applications/freesurfer/tktools/tksurfer.bin C70034 rh white 
############################


############################
Wed Oct 28 16:29:09 EDT 2015
/Users/shadyeldamaty/Dropbox/Projects/ADS/data/ads.subjects/fsqcdir
/Applications/freesurfer/tktools/tksurfer.bin C70536 lh white 
############################


############################
Wed Oct 28 16:29:17 EDT 2015
/Users/shadyeldamaty/Dropbox/Projects/ADS/data/ads.subjects/fsqcdir
/Applications/freesurfer/tktools/tksurfer.bin C70536 rh white 
############################


############################
Wed Oct 28 16:29:25 EDT 2015
/Users/shadyeldamaty/Dropbox/Projects/ADS/data/ads.subjects/fsqcdir
/Applications/freesurfer/tktools/tksurfer.bin C70536-w2 lh white 
############################


############################
Wed Oct 28 16:29:33 EDT 2015
/Users/shadyeldamaty/Dropbox/Projects/ADS/data/ads.subjects/fsqcdir
/Applications/freesurfer/tktools/tksurfer.bin C70536-w2 rh white 
############################


############################
Wed Oct 28 16:29:40 EDT 2015
/Users/shadyeldamaty/Dropbox/Projects/ADS/data/ads.subjects/fsqcdir
/Applications/freesurfer/tktools/tksurfer.bin C70550 lh white 
############################


############################
Wed Oct 28 16:29:48 EDT 2015
/Users/shadyeldamaty/Dropbox/Projects/ADS/data/ads.subjects/fsqcdir
/Applications/freesurfer/tktools/tksurfer.bin C70550 rh white 
############################


############################
Wed Oct 28 16:29:56 EDT 2015
/Users/shadyeldamaty/Dropbox/Projects/ADS/data/ads.subjects/fsqcdir
/Applications/freesurfer/tktools/tksurfer.bin C70550-w2 lh white 
############################


############################
Wed Oct 28 16:30:03 EDT 2015
/Users/shadyeldamaty/Dropbox/Projects/ADS/data/ads.subjects/fsqcdir
/Applications/freesurfer/tktools/tksurfer.bin C70550-w2 rh white 
############################


############################
Wed Oct 28 16:30:12 EDT 2015
/Users/shadyeldamaty/Dropbox/Projects/ADS/data/ads.subjects/fsqcdir
/Applications/freesurfer/tktools/tksurfer.bin C70558 lh white 
############################


############################
Wed Oct 28 16:30:18 EDT 2015
/Users/shadyeldamaty/Dropbox/Projects/ADS/data/ads.subjects/fsqcdir
/Applications/freesurfer/tktools/tksurfer.bin C70558 rh white 
############################


############################
Wed Oct 28 16:30:24 EDT 2015
/Users/shadyeldamaty/Dropbox/Projects/ADS/data/ads.subjects/fsqcdir
/Applications/freesurfer/tktools/tksurfer.bin C70558-w2 lh white 
############################


############################
Wed Oct 28 16:30:30 EDT 2015
/Users/shadyeldamaty/Dropbox/Projects/ADS/data/ads.subjects/fsqcdir
/Applications/freesurfer/tktools/tksurfer.bin C70558-w2 rh white 
############################


############################
Wed Oct 28 16:30:37 EDT 2015
/Users/shadyeldamaty/Dropbox/Projects/ADS/data/ads.subjects/fsqcdir
/Applications/freesurfer/tktools/tksurfer.bin C70561 lh white 
############################


############################
Wed Oct 28 16:30:44 EDT 2015
/Users/shadyeldamaty/Dropbox/Projects/ADS/data/ads.subjects/fsqcdir
/Applications/freesurfer/tktools/tksurfer.bin C70561 rh white 
############################


############################
Wed Oct 28 16:30:51 EDT 2015
/Users/shadyeldamaty/Dropbox/Projects/ADS/data/ads.subjects/fsqcdir
/Applications/freesurfer/tktools/tksurfer.bin C70561-w2 lh white 
############################


############################
Wed Oct 28 16:30:59 EDT 2015
/Users/shadyeldamaty/Dropbox/Projects/ADS/data/ads.subjects/fsqcdir
/Applications/freesurfer/tktools/tksurfer.bin C70561-w2 rh white 
############################


############################
Wed Oct 28 16:31:06 EDT 2015
/Users/shadyeldamaty/Dropbox/Projects/ADS/data/ads.subjects/fsqcdir
/Applications/freesurfer/tktools/tksurfer.bin C70565 lh white 
############################


############################
Wed Oct 28 16:31:13 EDT 2015
/Users/shadyeldamaty/Dropbox/Projects/ADS/data/ads.subjects/fsqcdir
/Applications/freesurfer/tktools/tksurfer.bin C70565 rh white 
############################


############################
Wed Oct 28 16:31:20 EDT 2015
/Users/shadyeldamaty/Dropbox/Projects/ADS/data/ads.subjects/fsqcdir
/Applications/freesurfer/tktools/tksurfer.bin C70573 lh white 
############################


############################
Wed Oct 28 16:31:27 EDT 2015
/Users/shadyeldamaty/Dropbox/Projects/ADS/data/ads.subjects/fsqcdir
/Applications/freesurfer/tktools/tksurfer.bin C70573 rh white 
############################


############################
Wed Oct 28 16:31:34 EDT 2015
/Users/shadyeldamaty/Dropbox/Projects/ADS/data/ads.subjects/fsqcdir
/Applications/freesurfer/tktools/tksurfer.bin C70573-w2 lh white 
############################


############################
Wed Oct 28 16:31:42 EDT 2015
/Users/shadyeldamaty/Dropbox/Projects/ADS/data/ads.subjects/fsqcdir
/Applications/freesurfer/tktools/tksurfer.bin C70573-w2 rh white 
############################


############################
Wed Oct 28 16:31:49 EDT 2015
/Users/shadyeldamaty/Dropbox/Projects/ADS/data/ads.subjects/fsqcdir
/Applications/freesurfer/tktools/tksurfer.bin C70574 lh white 
############################


############################
Wed Oct 28 16:31:57 EDT 2015
/Users/shadyeldamaty/Dropbox/Projects/ADS/data/ads.subjects/fsqcdir
/Applications/freesurfer/tktools/tksurfer.bin C70574 rh white 
############################


############################
Wed Oct 28 16:32:05 EDT 2015
/Users/shadyeldamaty/Dropbox/Projects/ADS/data/ads.subjects/fsqcdir
/Applications/freesurfer/tktools/tksurfer.bin C70579 lh white 
############################


############################
Wed Oct 28 16:32:13 EDT 2015
/Users/shadyeldamaty/Dropbox/Projects/ADS/data/ads.subjects/fsqcdir
/Applications/freesurfer/tktools/tksurfer.bin C70579 rh white 
############################


############################
Wed Oct 28 16:32:21 EDT 2015
/Users/shadyeldamaty/Dropbox/Projects/ADS/data/ads.subjects/fsqcdir
/Applications/freesurfer/tktools/tksurfer.bin C70579-w2 lh white 
############################


############################
Wed Oct 28 16:32:29 EDT 2015
/Users/shadyeldamaty/Dropbox/Projects/ADS/data/ads.subjects/fsqcdir
/Applications/freesurfer/tktools/tksurfer.bin C70579-w2 rh white 
############################


############################
Wed Oct 28 16:32:37 EDT 2015
/Users/shadyeldamaty/Dropbox/Projects/ADS/data/ads.subjects/fsqcdir
/Applications/freesurfer/tktools/tksurfer.bin C70589-w2 lh white 
############################


############################
Wed Oct 28 16:32:38 EDT 2015
/Users/shadyeldamaty/Dropbox/Projects/ADS/data/ads.subjects/fsqcdir
/Applications/freesurfer/tktools/tksurfer.bin C70589-w2 rh white 
############################


############################
Wed Oct 28 16:32:39 EDT 2015
/Users/shadyeldamaty/Dropbox/Projects/ADS/data/ads.subjects/fsqcdir
/Applications/freesurfer/tktools/tksurfer.bin C70597 lh white 
############################


############################
Wed Oct 28 16:32:48 EDT 2015
/Users/shadyeldamaty/Dropbox/Projects/ADS/data/ads.subjects/fsqcdir
/Applications/freesurfer/tktools/tksurfer.bin C70597 rh white 
############################


############################
Wed Oct 28 16:32:58 EDT 2015
/Users/shadyeldamaty/Dropbox/Projects/ADS/data/ads.subjects/fsqcdir
/Applications/freesurfer/tktools/tksurfer.bin H10004 lh white 
############################


############################
Wed Oct 28 16:33:07 EDT 2015
/Users/shadyeldamaty/Dropbox/Projects/ADS/data/ads.subjects/fsqcdir
/Applications/freesurfer/tktools/tksurfer.bin H10004 rh white 
############################


############################
Wed Oct 28 16:33:16 EDT 2015
/Users/shadyeldamaty/Dropbox/Projects/ADS/data/ads.subjects/fsqcdir
/Applications/freesurfer/tktools/tksurfer.bin H10067 lh white 
############################


############################
Wed Oct 28 16:33:24 EDT 2015
/Users/shadyeldamaty/Dropbox/Projects/ADS/data/ads.subjects/fsqcdir
/Applications/freesurfer/tktools/tksurfer.bin H10067 rh white 
############################


############################
Wed Oct 28 16:33:32 EDT 2015
/Users/shadyeldamaty/Dropbox/Projects/ADS/data/ads.subjects/fsqcdir
/Applications/freesurfer/tktools/tksurfer.bin H10124 lh white 
############################


############################
Wed Oct 28 16:33:41 EDT 2015
/Users/shadyeldamaty/Dropbox/Projects/ADS/data/ads.subjects/fsqcdir
/Applications/freesurfer/tktools/tksurfer.bin H10124 rh white 
############################


############################
Wed Oct 28 16:33:49 EDT 2015
/Users/shadyeldamaty/Dropbox/Projects/ADS/data/ads.subjects/fsqcdir
/Applications/freesurfer/tktools/tksurfer.bin H10181 lh white 
############################


############################
Wed Oct 28 16:33:56 EDT 2015
/Users/shadyeldamaty/Dropbox/Projects/ADS/data/ads.subjects/fsqcdir
/Applications/freesurfer/tktools/tksurfer.bin H10181 rh white 
############################


############################
Wed Oct 28 16:34:04 EDT 2015
/Users/shadyeldamaty/Dropbox/Projects/ADS/data/ads.subjects/fsqcdir
/Applications/freesurfer/tktools/tksurfer.bin H10181-w2 lh white 
############################


############################
Wed Oct 28 16:34:04 EDT 2015
/Users/shadyeldamaty/Dropbox/Projects/ADS/data/ads.subjects/fsqcdir
/Applications/freesurfer/tktools/tksurfer.bin H10181-w2 rh white 
############################


############################
Wed Oct 28 16:34:04 EDT 2015
/Users/shadyeldamaty/Dropbox/Projects/ADS/data/ads.subjects/fsqcdir
/Applications/freesurfer/tktools/tksurfer.bin H10269 lh white 
############################


############################
Wed Oct 28 16:34:12 EDT 2015
/Users/shadyeldamaty/Dropbox/Projects/ADS/data/ads.subjects/fsqcdir
/Applications/freesurfer/tktools/tksurfer.bin H10269 rh white 
############################


############################
Wed Oct 28 16:34:20 EDT 2015
/Users/shadyeldamaty/Dropbox/Projects/ADS/data/ads.subjects/fsqcdir
/Applications/freesurfer/tktools/tksurfer.bin H10558 lh white 
############################


############################
Wed Oct 28 16:34:29 EDT 2015
/Users/shadyeldamaty/Dropbox/Projects/ADS/data/ads.subjects/fsqcdir
/Applications/freesurfer/tktools/tksurfer.bin H10558 rh white 
############################


############################
Wed Oct 28 16:34:38 EDT 2015
/Users/shadyeldamaty/Dropbox/Projects/ADS/data/ads.subjects/fsqcdir
/Applications/freesurfer/tktools/tksurfer.bin H70610 lh white 
############################


############################
Wed Oct 28 16:34:47 EDT 2015
/Users/shadyeldamaty/Dropbox/Projects/ADS/data/ads.subjects/fsqcdir
/Applications/freesurfer/tktools/tksurfer.bin H70610 rh white 
############################


############################
Wed Oct 28 16:34:57 EDT 2015
/Users/shadyeldamaty/Dropbox/Projects/ADS/data/ads.subjects/fsqcdir
/Applications/freesurfer/tktools/tksurfer.bin J10504 lh white 
############################


############################
Wed Oct 28 16:35:07 EDT 2015
/Users/shadyeldamaty/Dropbox/Projects/ADS/data/ads.subjects/fsqcdir
/Applications/freesurfer/tktools/tksurfer.bin J10504 rh white 
############################


############################
Wed Oct 28 16:35:17 EDT 2015
/Users/shadyeldamaty/Dropbox/Projects/ADS/data/ads.subjects/fsqcdir
/Applications/freesurfer/tktools/tksurfer.bin J10504-w2 lh white 
############################


############################
Wed Oct 28 16:35:27 EDT 2015
/Users/shadyeldamaty/Dropbox/Projects/ADS/data/ads.subjects/fsqcdir
/Applications/freesurfer/tktools/tksurfer.bin J10504-w2 rh white 
############################


############################
Wed Oct 28 16:35:37 EDT 2015
/Users/shadyeldamaty/Dropbox/Projects/ADS/data/ads.subjects/fsqcdir
/Applications/freesurfer/tktools/tksurfer.bin J10509 lh white 
############################


############################
Wed Oct 28 16:35:46 EDT 2015
/Users/shadyeldamaty/Dropbox/Projects/ADS/data/ads.subjects/fsqcdir
/Applications/freesurfer/tktools/tksurfer.bin J10509 rh white 
############################


############################
Wed Oct 28 16:35:54 EDT 2015
/Users/shadyeldamaty/Dropbox/Projects/ADS/data/ads.subjects/fsqcdir
/Applications/freesurfer/tktools/tksurfer.bin J10509-w2 lh white 
############################


############################
Wed Oct 28 16:36:03 EDT 2015
/Users/shadyeldamaty/Dropbox/Projects/ADS/data/ads.subjects/fsqcdir
/Applications/freesurfer/tktools/tksurfer.bin J10509-w2 rh white 
############################


############################
Wed Oct 28 16:36:12 EDT 2015
/Users/shadyeldamaty/Dropbox/Projects/ADS/data/ads.subjects/fsqcdir
/Applications/freesurfer/tktools/tksurfer.bin J20036 lh white 
############################


############################
Wed Oct 28 16:36:20 EDT 2015
/Users/shadyeldamaty/Dropbox/Projects/ADS/data/ads.subjects/fsqcdir
/Applications/freesurfer/tktools/tksurfer.bin J20036 rh white 
############################


############################
Wed Oct 28 16:36:28 EDT 2015
/Users/shadyeldamaty/Dropbox/Projects/ADS/data/ads.subjects/fsqcdir
/Applications/freesurfer/tktools/tksurfer.bin J20036-w2 lh white 
############################


############################
Wed Oct 28 16:36:36 EDT 2015
/Users/shadyeldamaty/Dropbox/Projects/ADS/data/ads.subjects/fsqcdir
/Applications/freesurfer/tktools/tksurfer.bin J20036-w2 rh white 
############################


############################
Wed Oct 28 16:36:44 EDT 2015
/Users/shadyeldamaty/Dropbox/Projects/ADS/data/ads.subjects/fsqcdir
/Applications/freesurfer/tktools/tksurfer.bin J20860 lh white 
############################


############################
Wed Oct 28 16:36:51 EDT 2015
/Users/shadyeldamaty/Dropbox/Projects/ADS/data/ads.subjects/fsqcdir
/Applications/freesurfer/tktools/tksurfer.bin J20860 rh white 
############################


############################
Wed Oct 28 16:36:58 EDT 2015
/Users/shadyeldamaty/Dropbox/Projects/ADS/data/ads.subjects/fsqcdir
/Applications/freesurfer/tktools/tksurfer.bin J20860-w2 lh white 
############################


############################
Wed Oct 28 16:37:05 EDT 2015
/Users/shadyeldamaty/Dropbox/Projects/ADS/data/ads.subjects/fsqcdir
/Applications/freesurfer/tktools/tksurfer.bin J20860-w2 rh white 
############################


############################
Wed Oct 28 16:37:12 EDT 2015
/Users/shadyeldamaty/Dropbox/Projects/ADS/data/ads.subjects/fsqcdir
/Applications/freesurfer/tktools/tksurfer.bin J21171 lh white 
############################


############################
Wed Oct 28 16:37:19 EDT 2015
/Users/shadyeldamaty/Dropbox/Projects/ADS/data/ads.subjects/fsqcdir
/Applications/freesurfer/tktools/tksurfer.bin J21171 rh white 
############################


############################
Wed Oct 28 16:37:26 EDT 2015
/Users/shadyeldamaty/Dropbox/Projects/ADS/data/ads.subjects/fsqcdir
/Applications/freesurfer/tktools/tksurfer.bin J21171-w2 lh white 
############################


############################
Wed Oct 28 16:37:33 EDT 2015
/Users/shadyeldamaty/Dropbox/Projects/ADS/data/ads.subjects/fsqcdir
/Applications/freesurfer/tktools/tksurfer.bin J21171-w2 rh white 
############################


############################
Wed Oct 28 16:37:41 EDT 2015
/Users/shadyeldamaty/Dropbox/Projects/ADS/data/ads.subjects/fsqcdir
/Applications/freesurfer/tktools/tksurfer.bin J21199 lh white 
############################


############################
Wed Oct 28 16:37:48 EDT 2015
/Users/shadyeldamaty/Dropbox/Projects/ADS/data/ads.subjects/fsqcdir
/Applications/freesurfer/tktools/tksurfer.bin J21199 rh white 
############################


############################
Wed Oct 28 16:37:56 EDT 2015
/Users/shadyeldamaty/Dropbox/Projects/ADS/data/ads.subjects/fsqcdir
/Applications/freesurfer/tktools/tksurfer.bin J21199-w2 lh white 
############################


############################
Wed Oct 28 16:38:04 EDT 2015
/Users/shadyeldamaty/Dropbox/Projects/ADS/data/ads.subjects/fsqcdir
/Applications/freesurfer/tktools/tksurfer.bin J21199-w2 rh white 
############################


############################
Wed Oct 28 16:38:12 EDT 2015
/Users/shadyeldamaty/Dropbox/Projects/ADS/data/ads.subjects/fsqcdir
/Applications/freesurfer/tktools/tksurfer.bin J21705 lh white 
############################


############################
Wed Oct 28 16:38:19 EDT 2015
/Users/shadyeldamaty/Dropbox/Projects/ADS/data/ads.subjects/fsqcdir
/Applications/freesurfer/tktools/tksurfer.bin J21705 rh white 
############################


############################
Wed Oct 28 16:38:27 EDT 2015
/Users/shadyeldamaty/Dropbox/Projects/ADS/data/ads.subjects/fsqcdir
/Applications/freesurfer/tktools/tksurfer.bin J22178 lh white 
############################


############################
Wed Oct 28 16:38:36 EDT 2015
/Users/shadyeldamaty/Dropbox/Projects/ADS/data/ads.subjects/fsqcdir
/Applications/freesurfer/tktools/tksurfer.bin J22178 rh white 
############################


############################
Wed Oct 28 16:38:44 EDT 2015
/Users/shadyeldamaty/Dropbox/Projects/ADS/data/ads.subjects/fsqcdir
/Applications/freesurfer/tktools/tksurfer.bin J22515 lh white 
############################


############################
Wed Oct 28 16:38:51 EDT 2015
/Users/shadyeldamaty/Dropbox/Projects/ADS/data/ads.subjects/fsqcdir
/Applications/freesurfer/tktools/tksurfer.bin J22515 rh white 
############################


############################
Wed Oct 28 16:38:58 EDT 2015
/Users/shadyeldamaty/Dropbox/Projects/ADS/data/ads.subjects/fsqcdir
/Applications/freesurfer/tktools/tksurfer.bin J22515-w2 lh white 
############################


############################
Wed Oct 28 16:39:05 EDT 2015
/Users/shadyeldamaty/Dropbox/Projects/ADS/data/ads.subjects/fsqcdir
/Applications/freesurfer/tktools/tksurfer.bin J22515-w2 rh white 
############################


############################
Wed Oct 28 16:39:11 EDT 2015
/Users/shadyeldamaty/Dropbox/Projects/ADS/data/ads.subjects/fsqcdir
/Applications/freesurfer/tktools/tksurfer.bin J30111 lh white 
############################


############################
Wed Oct 28 16:39:19 EDT 2015
/Users/shadyeldamaty/Dropbox/Projects/ADS/data/ads.subjects/fsqcdir
/Applications/freesurfer/tktools/tksurfer.bin J30111 rh white 
############################


############################
Wed Oct 28 16:39:27 EDT 2015
/Users/shadyeldamaty/Dropbox/Projects/ADS/data/ads.subjects/fsqcdir
/Applications/freesurfer/tktools/tksurfer.bin J30111-w2 lh white 
############################


############################
Wed Oct 28 16:39:35 EDT 2015
/Users/shadyeldamaty/Dropbox/Projects/ADS/data/ads.subjects/fsqcdir
/Applications/freesurfer/tktools/tksurfer.bin J30111-w2 rh white 
############################


############################
Wed Oct 28 16:39:43 EDT 2015
/Users/shadyeldamaty/Dropbox/Projects/ADS/data/ads.subjects/fsqcdir
/Applications/freesurfer/tktools/tksurfer.bin J30860 lh white 
############################


############################
Wed Oct 28 16:39:49 EDT 2015
/Users/shadyeldamaty/Dropbox/Projects/ADS/data/ads.subjects/fsqcdir
/Applications/freesurfer/tktools/tksurfer.bin J30860 rh white 
############################


############################
Wed Oct 28 16:39:57 EDT 2015
/Users/shadyeldamaty/Dropbox/Projects/ADS/data/ads.subjects/fsqcdir
/Applications/freesurfer/tktools/tksurfer.bin J31027 lh white 
############################


############################
Wed Oct 28 16:40:03 EDT 2015
/Users/shadyeldamaty/Dropbox/Projects/ADS/data/ads.subjects/fsqcdir
/Applications/freesurfer/tktools/tksurfer.bin J31027 rh white 
############################


############################
Wed Oct 28 16:40:09 EDT 2015
/Users/shadyeldamaty/Dropbox/Projects/ADS/data/ads.subjects/fsqcdir
/Applications/freesurfer/tktools/tksurfer.bin J31027-w2 lh white 
############################


############################
Wed Oct 28 16:40:15 EDT 2015
/Users/shadyeldamaty/Dropbox/Projects/ADS/data/ads.subjects/fsqcdir
/Applications/freesurfer/tktools/tksurfer.bin J31027-w2 rh white 
############################


############################
Wed Oct 28 16:40:21 EDT 2015
/Users/shadyeldamaty/Dropbox/Projects/ADS/data/ads.subjects/fsqcdir
/Applications/freesurfer/tktools/tksurfer.bin J31082 lh white 
############################


############################
Wed Oct 28 16:40:29 EDT 2015
/Users/shadyeldamaty/Dropbox/Projects/ADS/data/ads.subjects/fsqcdir
/Applications/freesurfer/tktools/tksurfer.bin J31082 rh white 
############################


############################
Wed Oct 28 16:40:38 EDT 2015
/Users/shadyeldamaty/Dropbox/Projects/ADS/data/ads.subjects/fsqcdir
/Applications/freesurfer/tktools/tksurfer.bin J31082-w2 lh white 
############################


############################
Wed Oct 28 16:40:46 EDT 2015
/Users/shadyeldamaty/Dropbox/Projects/ADS/data/ads.subjects/fsqcdir
/Applications/freesurfer/tktools/tksurfer.bin J31082-w2 rh white 
############################


############################
Wed Oct 28 16:40:54 EDT 2015
/Users/shadyeldamaty/Dropbox/Projects/ADS/data/ads.subjects/fsqcdir
/Applications/freesurfer/tktools/tksurfer.bin J31340 lh white 
############################


############################
Wed Oct 28 16:41:03 EDT 2015
/Users/shadyeldamaty/Dropbox/Projects/ADS/data/ads.subjects/fsqcdir
/Applications/freesurfer/tktools/tksurfer.bin J31340 rh white 
############################


############################
Wed Oct 28 16:41:12 EDT 2015
/Users/shadyeldamaty/Dropbox/Projects/ADS/data/ads.subjects/fsqcdir
/Applications/freesurfer/tktools/tksurfer.bin J31340-w2 lh white 
############################


############################
Wed Oct 28 16:41:21 EDT 2015
/Users/shadyeldamaty/Dropbox/Projects/ADS/data/ads.subjects/fsqcdir
/Applications/freesurfer/tktools/tksurfer.bin J31340-w2 rh white 
############################


############################
Wed Oct 28 16:41:29 EDT 2015
/Users/shadyeldamaty/Dropbox/Projects/ADS/data/ads.subjects/fsqcdir
/Applications/freesurfer/tktools/tksurfer.bin J31344 lh white 
############################


############################
Wed Oct 28 16:41:36 EDT 2015
/Users/shadyeldamaty/Dropbox/Projects/ADS/data/ads.subjects/fsqcdir
/Applications/freesurfer/tktools/tksurfer.bin J31344 rh white 
############################


############################
Wed Oct 28 16:41:43 EDT 2015
/Users/shadyeldamaty/Dropbox/Projects/ADS/data/ads.subjects/fsqcdir
/Applications/freesurfer/tktools/tksurfer.bin J31344-w2 lh white 
############################


############################
Wed Oct 28 16:41:51 EDT 2015
/Users/shadyeldamaty/Dropbox/Projects/ADS/data/ads.subjects/fsqcdir
/Applications/freesurfer/tktools/tksurfer.bin J31344-w2 rh white 
############################


############################
Wed Oct 28 16:41:58 EDT 2015
/Users/shadyeldamaty/Dropbox/Projects/ADS/data/ads.subjects/fsqcdir
/Applications/freesurfer/tktools/tksurfer.bin J31850 lh white 
############################


############################
Wed Oct 28 16:42:05 EDT 2015
/Users/shadyeldamaty/Dropbox/Projects/ADS/data/ads.subjects/fsqcdir
/Applications/freesurfer/tktools/tksurfer.bin J31850 rh white 
############################


############################
Wed Oct 28 16:42:12 EDT 2015
/Users/shadyeldamaty/Dropbox/Projects/ADS/data/ads.subjects/fsqcdir
/Applications/freesurfer/tktools/tksurfer.bin J32486 lh white 
############################


############################
Wed Oct 28 16:42:19 EDT 2015
/Users/shadyeldamaty/Dropbox/Projects/ADS/data/ads.subjects/fsqcdir
/Applications/freesurfer/tktools/tksurfer.bin J32486 rh white 
############################


############################
Wed Oct 28 16:42:26 EDT 2015
/Users/shadyeldamaty/Dropbox/Projects/ADS/data/ads.subjects/fsqcdir
/Applications/freesurfer/tktools/tksurfer.bin J32486-w2 lh white 
############################


############################
Wed Oct 28 16:42:34 EDT 2015
/Users/shadyeldamaty/Dropbox/Projects/ADS/data/ads.subjects/fsqcdir
/Applications/freesurfer/tktools/tksurfer.bin J32486-w2 rh white 
############################


############################
Wed Oct 28 16:42:42 EDT 2015
/Users/shadyeldamaty/Dropbox/Projects/ADS/data/ads.subjects/fsqcdir
/Applications/freesurfer/tktools/tksurfer.bin J32507 lh white 
############################


############################
Wed Oct 28 16:42:49 EDT 2015
/Users/shadyeldamaty/Dropbox/Projects/ADS/data/ads.subjects/fsqcdir
/Applications/freesurfer/tktools/tksurfer.bin J32507 rh white 
############################


############################
Wed Oct 28 16:42:56 EDT 2015
/Users/shadyeldamaty/Dropbox/Projects/ADS/data/ads.subjects/fsqcdir
/Applications/freesurfer/tktools/tksurfer.bin J32507-w2 lh white 
############################


############################
Wed Oct 28 16:43:04 EDT 2015
/Users/shadyeldamaty/Dropbox/Projects/ADS/data/ads.subjects/fsqcdir
/Applications/freesurfer/tktools/tksurfer.bin J32507-w2 rh white 
############################


############################
Wed Oct 28 16:43:11 EDT 2015
/Users/shadyeldamaty/Dropbox/Projects/ADS/data/ads.subjects/fsqcdir
/Applications/freesurfer/tktools/tksurfer.bin J32652 lh white 
############################


############################
Wed Oct 28 16:43:18 EDT 2015
/Users/shadyeldamaty/Dropbox/Projects/ADS/data/ads.subjects/fsqcdir
/Applications/freesurfer/tktools/tksurfer.bin J32652 rh white 
############################


############################
Wed Oct 28 16:43:24 EDT 2015
/Users/shadyeldamaty/Dropbox/Projects/ADS/data/ads.subjects/fsqcdir
/Applications/freesurfer/tktools/tksurfer.bin J32652-w2 lh white 
############################


############################
Wed Oct 28 16:43:31 EDT 2015
/Users/shadyeldamaty/Dropbox/Projects/ADS/data/ads.subjects/fsqcdir
/Applications/freesurfer/tktools/tksurfer.bin J32652-w2 rh white 
############################


############################
Wed Oct 28 16:43:38 EDT 2015
/Users/shadyeldamaty/Dropbox/Projects/ADS/data/ads.subjects/fsqcdir
/Applications/freesurfer/tktools/tksurfer.bin J32674 lh white 
############################


############################
Wed Oct 28 16:43:45 EDT 2015
/Users/shadyeldamaty/Dropbox/Projects/ADS/data/ads.subjects/fsqcdir
/Applications/freesurfer/tktools/tksurfer.bin J32674 rh white 
############################


############################
Wed Oct 28 16:43:53 EDT 2015
/Users/shadyeldamaty/Dropbox/Projects/ADS/data/ads.subjects/fsqcdir
/Applications/freesurfer/tktools/tksurfer.bin J32674-w2 lh white 
############################


############################
Wed Oct 28 16:44:00 EDT 2015
/Users/shadyeldamaty/Dropbox/Projects/ADS/data/ads.subjects/fsqcdir
/Applications/freesurfer/tktools/tksurfer.bin J32674-w2 rh white 
############################


############################
Wed Oct 28 16:44:06 EDT 2015
/Users/shadyeldamaty/Dropbox/Projects/ADS/data/ads.subjects/fsqcdir
/Applications/freesurfer/tktools/tksurfer.bin J33535-w2 lh white 
############################


############################
Wed Oct 28 16:44:15 EDT 2015
/Users/shadyeldamaty/Dropbox/Projects/ADS/data/ads.subjects/fsqcdir
/Applications/freesurfer/tktools/tksurfer.bin J33535-w2 rh white 
############################


############################
Wed Oct 28 16:44:24 EDT 2015
/Users/shadyeldamaty/Dropbox/Projects/ADS/data/ads.subjects/fsqcdir
/Applications/freesurfer/tktools/tksurfer.bin J33917 lh white 
############################


############################
Wed Oct 28 16:44:32 EDT 2015
/Users/shadyeldamaty/Dropbox/Projects/ADS/data/ads.subjects/fsqcdir
/Applications/freesurfer/tktools/tksurfer.bin J33917 rh white 
############################


############################
Wed Oct 28 16:44:40 EDT 2015
/Users/shadyeldamaty/Dropbox/Projects/ADS/data/ads.subjects/fsqcdir
/Applications/freesurfer/tktools/tksurfer.bin J33917-w2 lh white 
############################


############################
Wed Oct 28 16:44:40 EDT 2015
/Users/shadyeldamaty/Dropbox/Projects/ADS/data/ads.subjects/fsqcdir
/Applications/freesurfer/tktools/tksurfer.bin J33917-w2 rh white 
############################


############################
Wed Oct 28 16:44:40 EDT 2015
/Users/shadyeldamaty/Dropbox/Projects/ADS/data/ads.subjects/fsqcdir
/Applications/freesurfer/tktools/tksurfer.bin J34425 lh white 
############################


############################
Wed Oct 28 16:44:48 EDT 2015
/Users/shadyeldamaty/Dropbox/Projects/ADS/data/ads.subjects/fsqcdir
/Applications/freesurfer/tktools/tksurfer.bin J34425 rh white 
############################


############################
Wed Oct 28 16:44:56 EDT 2015
/Users/shadyeldamaty/Dropbox/Projects/ADS/data/ads.subjects/fsqcdir
/Applications/freesurfer/tktools/tksurfer.bin J34425-w2 lh white 
############################


############################
Wed Oct 28 16:45:03 EDT 2015
/Users/shadyeldamaty/Dropbox/Projects/ADS/data/ads.subjects/fsqcdir
/Applications/freesurfer/tktools/tksurfer.bin J34425-w2 rh white 
############################


############################
Wed Oct 28 16:45:11 EDT 2015
/Users/shadyeldamaty/Dropbox/Projects/ADS/data/ads.subjects/fsqcdir
/Applications/freesurfer/tktools/tksurfer.bin J34590 lh white 
############################


############################
Wed Oct 28 16:45:19 EDT 2015
/Users/shadyeldamaty/Dropbox/Projects/ADS/data/ads.subjects/fsqcdir
/Applications/freesurfer/tktools/tksurfer.bin J34590 rh white 
############################


############################
Wed Oct 28 16:45:29 EDT 2015
/Users/shadyeldamaty/Dropbox/Projects/ADS/data/ads.subjects/fsqcdir
/Applications/freesurfer/tktools/tksurfer.bin J34662 lh white 
############################


############################
Wed Oct 28 16:45:37 EDT 2015
/Users/shadyeldamaty/Dropbox/Projects/ADS/data/ads.subjects/fsqcdir
/Applications/freesurfer/tktools/tksurfer.bin J34662 rh white 
############################


############################
Wed Oct 28 16:45:45 EDT 2015
/Users/shadyeldamaty/Dropbox/Projects/ADS/data/ads.subjects/fsqcdir
/Applications/freesurfer/tktools/tksurfer.bin J34662-w2 lh white 
############################


############################
Wed Oct 28 16:45:53 EDT 2015
/Users/shadyeldamaty/Dropbox/Projects/ADS/data/ads.subjects/fsqcdir
/Applications/freesurfer/tktools/tksurfer.bin J34662-w2 rh white 
############################


############################
Wed Oct 28 16:46:02 EDT 2015
/Users/shadyeldamaty/Dropbox/Projects/ADS/data/ads.subjects/fsqcdir
/Applications/freesurfer/tktools/tksurfer.bin J36054 lh white 
############################


############################
Wed Oct 28 16:46:11 EDT 2015
/Users/shadyeldamaty/Dropbox/Projects/ADS/data/ads.subjects/fsqcdir
/Applications/freesurfer/tktools/tksurfer.bin J36054 rh white 
############################


############################
Wed Oct 28 16:46:20 EDT 2015
/Users/shadyeldamaty/Dropbox/Projects/ADS/data/ads.subjects/fsqcdir
/Applications/freesurfer/tktools/tksurfer.bin J36450 lh white 
############################


############################
Wed Oct 28 16:46:29 EDT 2015
/Users/shadyeldamaty/Dropbox/Projects/ADS/data/ads.subjects/fsqcdir
/Applications/freesurfer/tktools/tksurfer.bin J36450 rh white 
############################


############################
Wed Oct 28 16:46:39 EDT 2015
/Users/shadyeldamaty/Dropbox/Projects/ADS/data/ads.subjects/fsqcdir
/Applications/freesurfer/tktools/tksurfer.bin J36450-w2 lh white 
############################


############################
Wed Oct 28 16:46:49 EDT 2015
/Users/shadyeldamaty/Dropbox/Projects/ADS/data/ads.subjects/fsqcdir
/Applications/freesurfer/tktools/tksurfer.bin J36450-w2 rh white 
############################


############################
Wed Oct 28 16:46:58 EDT 2015
/Users/shadyeldamaty/Dropbox/Projects/ADS/data/ads.subjects/fsqcdir
/Applications/freesurfer/tktools/tksurfer.bin J36524 lh white 
############################


############################
Wed Oct 28 16:47:08 EDT 2015
/Users/shadyeldamaty/Dropbox/Projects/ADS/data/ads.subjects/fsqcdir
/Applications/freesurfer/tktools/tksurfer.bin J36524 rh white 
############################


############################
Wed Oct 28 16:47:17 EDT 2015
/Users/shadyeldamaty/Dropbox/Projects/ADS/data/ads.subjects/fsqcdir
/Applications/freesurfer/tktools/tksurfer.bin J36527 lh white 
############################


############################
Wed Oct 28 16:47:26 EDT 2015
/Users/shadyeldamaty/Dropbox/Projects/ADS/data/ads.subjects/fsqcdir
/Applications/freesurfer/tktools/tksurfer.bin J36527 rh white 
############################


############################
Wed Oct 28 16:47:36 EDT 2015
/Users/shadyeldamaty/Dropbox/Projects/ADS/data/ads.subjects/fsqcdir
/Applications/freesurfer/tktools/tksurfer.bin J36527-w2 lh white 
############################


############################
Wed Oct 28 16:47:46 EDT 2015
/Users/shadyeldamaty/Dropbox/Projects/ADS/data/ads.subjects/fsqcdir
/Applications/freesurfer/tktools/tksurfer.bin J36527-w2 rh white 
############################


############################
Wed Oct 28 16:47:56 EDT 2015
/Users/shadyeldamaty/Dropbox/Projects/ADS/data/ads.subjects/fsqcdir
/Applications/freesurfer/tktools/tksurfer.bin J36903-w2 lh white 
############################


############################
Wed Oct 28 16:48:05 EDT 2015
/Users/shadyeldamaty/Dropbox/Projects/ADS/data/ads.subjects/fsqcdir
/Applications/freesurfer/tktools/tksurfer.bin J36903-w2 rh white 
############################


############################
Wed Oct 28 16:48:14 EDT 2015
/Users/shadyeldamaty/Dropbox/Projects/ADS/data/ads.subjects/fsqcdir
/Applications/freesurfer/tktools/tksurfer.bin J40015 lh white 
############################


############################
Wed Oct 28 16:48:24 EDT 2015
/Users/shadyeldamaty/Dropbox/Projects/ADS/data/ads.subjects/fsqcdir
/Applications/freesurfer/tktools/tksurfer.bin J40015 rh white 
############################


############################
Wed Oct 28 16:48:35 EDT 2015
/Users/shadyeldamaty/Dropbox/Projects/ADS/data/ads.subjects/fsqcdir
/Applications/freesurfer/tktools/tksurfer.bin J40015-w2 lh white 
############################


############################
Wed Oct 28 16:48:44 EDT 2015
/Users/shadyeldamaty/Dropbox/Projects/ADS/data/ads.subjects/fsqcdir
/Applications/freesurfer/tktools/tksurfer.bin J40015-w2 rh white 
############################


############################
Wed Oct 28 16:48:54 EDT 2015
/Users/shadyeldamaty/Dropbox/Projects/ADS/data/ads.subjects/fsqcdir
/Applications/freesurfer/tktools/tksurfer.bin J40125 lh white 
############################


############################
Wed Oct 28 16:49:03 EDT 2015
/Users/shadyeldamaty/Dropbox/Projects/ADS/data/ads.subjects/fsqcdir
/Applications/freesurfer/tktools/tksurfer.bin J40125 rh white 
############################


############################
Wed Oct 28 16:49:12 EDT 2015
/Users/shadyeldamaty/Dropbox/Projects/ADS/data/ads.subjects/fsqcdir
/Applications/freesurfer/tktools/tksurfer.bin J40125-w2 lh white 
############################


############################
Wed Oct 28 16:49:22 EDT 2015
/Users/shadyeldamaty/Dropbox/Projects/ADS/data/ads.subjects/fsqcdir
/Applications/freesurfer/tktools/tksurfer.bin J40125-w2 rh white 
############################


############################
Wed Oct 28 16:49:32 EDT 2015
/Users/shadyeldamaty/Dropbox/Projects/ADS/data/ads.subjects/fsqcdir
/Applications/freesurfer/tktools/tksurfer.bin J40598 lh white 
############################


############################
Wed Oct 28 16:49:40 EDT 2015
/Users/shadyeldamaty/Dropbox/Projects/ADS/data/ads.subjects/fsqcdir
/Applications/freesurfer/tktools/tksurfer.bin J40598 rh white 
############################


############################
Wed Oct 28 16:49:48 EDT 2015
/Users/shadyeldamaty/Dropbox/Projects/ADS/data/ads.subjects/fsqcdir
/Applications/freesurfer/tktools/tksurfer.bin J40598-w2 lh white 
############################


############################
Wed Oct 28 16:49:49 EDT 2015
/Users/shadyeldamaty/Dropbox/Projects/ADS/data/ads.subjects/fsqcdir
/Applications/freesurfer/tktools/tksurfer.bin J40598-w2 rh white 
############################


############################
Wed Oct 28 16:49:49 EDT 2015
/Users/shadyeldamaty/Dropbox/Projects/ADS/data/ads.subjects/fsqcdir
/Applications/freesurfer/tktools/tksurfer.bin J41705 lh white 
############################


############################
Wed Oct 28 16:49:57 EDT 2015
/Users/shadyeldamaty/Dropbox/Projects/ADS/data/ads.subjects/fsqcdir
/Applications/freesurfer/tktools/tksurfer.bin J41705 rh white 
############################


############################
Wed Oct 28 16:50:06 EDT 2015
/Users/shadyeldamaty/Dropbox/Projects/ADS/data/ads.subjects/fsqcdir
/Applications/freesurfer/tktools/tksurfer.bin J41705-w2 lh white 
############################


############################
Wed Oct 28 16:50:15 EDT 2015
/Users/shadyeldamaty/Dropbox/Projects/ADS/data/ads.subjects/fsqcdir
/Applications/freesurfer/tktools/tksurfer.bin J41705-w2 rh white 
############################


############################
Wed Oct 28 16:50:23 EDT 2015
/Users/shadyeldamaty/Dropbox/Projects/ADS/data/ads.subjects/fsqcdir
/Applications/freesurfer/tktools/tksurfer.bin J41875 lh white 
############################


############################
Wed Oct 28 16:50:32 EDT 2015
/Users/shadyeldamaty/Dropbox/Projects/ADS/data/ads.subjects/fsqcdir
/Applications/freesurfer/tktools/tksurfer.bin J41875 rh white 
############################


############################
Wed Oct 28 16:50:41 EDT 2015
/Users/shadyeldamaty/Dropbox/Projects/ADS/data/ads.subjects/fsqcdir
/Applications/freesurfer/tktools/tksurfer.bin J42033 lh white 
############################


############################
Wed Oct 28 16:50:50 EDT 2015
/Users/shadyeldamaty/Dropbox/Projects/ADS/data/ads.subjects/fsqcdir
/Applications/freesurfer/tktools/tksurfer.bin J42033 rh white 
############################


############################
Wed Oct 28 16:50:59 EDT 2015
/Users/shadyeldamaty/Dropbox/Projects/ADS/data/ads.subjects/fsqcdir
/Applications/freesurfer/tktools/tksurfer.bin J42077 lh white 
############################


############################
Wed Oct 28 16:51:08 EDT 2015
/Users/shadyeldamaty/Dropbox/Projects/ADS/data/ads.subjects/fsqcdir
/Applications/freesurfer/tktools/tksurfer.bin J42077 rh white 
############################


############################
Wed Oct 28 16:51:18 EDT 2015
/Users/shadyeldamaty/Dropbox/Projects/ADS/data/ads.subjects/fsqcdir
/Applications/freesurfer/tktools/tksurfer.bin J42077-w2 lh white 
############################


############################
Wed Oct 28 16:51:28 EDT 2015
/Users/shadyeldamaty/Dropbox/Projects/ADS/data/ads.subjects/fsqcdir
/Applications/freesurfer/tktools/tksurfer.bin J42077-w2 rh white 
############################


############################
Wed Oct 28 16:51:37 EDT 2015
/Users/shadyeldamaty/Dropbox/Projects/ADS/data/ads.subjects/fsqcdir
/Applications/freesurfer/tktools/tksurfer.bin J42898-w2 lh white 
############################


############################
Wed Oct 28 16:51:47 EDT 2015
/Users/shadyeldamaty/Dropbox/Projects/ADS/data/ads.subjects/fsqcdir
/Applications/freesurfer/tktools/tksurfer.bin J42898-w2 rh white 
############################


############################
Wed Oct 28 16:51:56 EDT 2015
/Users/shadyeldamaty/Dropbox/Projects/ADS/data/ads.subjects/fsqcdir
/Applications/freesurfer/tktools/tksurfer.bin J43050 lh white 
############################


############################
Wed Oct 28 16:52:04 EDT 2015
/Users/shadyeldamaty/Dropbox/Projects/ADS/data/ads.subjects/fsqcdir
/Applications/freesurfer/tktools/tksurfer.bin J43050 rh white 
############################


############################
Wed Oct 28 16:52:13 EDT 2015
/Users/shadyeldamaty/Dropbox/Projects/ADS/data/ads.subjects/fsqcdir
/Applications/freesurfer/tktools/tksurfer.bin J45887 lh white 
############################


############################
Wed Oct 28 16:52:22 EDT 2015
/Users/shadyeldamaty/Dropbox/Projects/ADS/data/ads.subjects/fsqcdir
/Applications/freesurfer/tktools/tksurfer.bin J45887 rh white 
############################


############################
Wed Oct 28 16:52:31 EDT 2015
/Users/shadyeldamaty/Dropbox/Projects/ADS/data/ads.subjects/fsqcdir
/Applications/freesurfer/tktools/tksurfer.bin J45887-w2 lh white 
############################


############################
Wed Oct 28 16:52:41 EDT 2015
/Users/shadyeldamaty/Dropbox/Projects/ADS/data/ads.subjects/fsqcdir
/Applications/freesurfer/tktools/tksurfer.bin J45887-w2 rh white 
############################


############################
Wed Oct 28 16:52:50 EDT 2015
/Users/shadyeldamaty/Dropbox/Projects/ADS/data/ads.subjects/fsqcdir
/Applications/freesurfer/tktools/tksurfer.bin P70104 lh white 
############################


############################
Wed Oct 28 16:52:57 EDT 2015
/Users/shadyeldamaty/Dropbox/Projects/ADS/data/ads.subjects/fsqcdir
/Applications/freesurfer/tktools/tksurfer.bin P70104 rh white 
############################


############################
Wed Oct 28 16:53:04 EDT 2015
/Users/shadyeldamaty/Dropbox/Projects/ADS/data/ads.subjects/fsqcdir
/Applications/freesurfer/tktools/tksurfer.bin P70104-w2 lh white 
############################


############################
Wed Oct 28 16:53:11 EDT 2015
/Users/shadyeldamaty/Dropbox/Projects/ADS/data/ads.subjects/fsqcdir
/Applications/freesurfer/tktools/tksurfer.bin P70104-w2 rh white 
############################


############################
Wed Oct 28 16:53:18 EDT 2015
/Users/shadyeldamaty/Dropbox/Projects/ADS/data/ads.subjects/fsqcdir
/Applications/freesurfer/tktools/tksurfer.bin P70111 lh white 
############################


############################
Wed Oct 28 16:53:26 EDT 2015
/Users/shadyeldamaty/Dropbox/Projects/ADS/data/ads.subjects/fsqcdir
/Applications/freesurfer/tktools/tksurfer.bin P70111 rh white 
############################


############################
Wed Oct 28 16:53:34 EDT 2015
/Users/shadyeldamaty/Dropbox/Projects/ADS/data/ads.subjects/fsqcdir
/Applications/freesurfer/tktools/tksurfer.bin P70111-w2 lh white 
############################


############################
Wed Oct 28 16:53:43 EDT 2015
/Users/shadyeldamaty/Dropbox/Projects/ADS/data/ads.subjects/fsqcdir
/Applications/freesurfer/tktools/tksurfer.bin P70111-w2 rh white 
############################


############################
Wed Oct 28 16:53:51 EDT 2015
/Users/shadyeldamaty/Dropbox/Projects/ADS/data/ads.subjects/fsqcdir
/Applications/freesurfer/tktools/tksurfer.bin P70113 lh white 
############################


############################
Wed Oct 28 16:53:59 EDT 2015
/Users/shadyeldamaty/Dropbox/Projects/ADS/data/ads.subjects/fsqcdir
/Applications/freesurfer/tktools/tksurfer.bin P70113 rh white 
############################


############################
Wed Oct 28 16:54:08 EDT 2015
/Users/shadyeldamaty/Dropbox/Projects/ADS/data/ads.subjects/fsqcdir
/Applications/freesurfer/tktools/tksurfer.bin P70113-w2 lh white 
############################


############################
Wed Oct 28 16:54:16 EDT 2015
/Users/shadyeldamaty/Dropbox/Projects/ADS/data/ads.subjects/fsqcdir
/Applications/freesurfer/tktools/tksurfer.bin P70113-w2 rh white 
############################


############################
Wed Oct 28 16:54:25 EDT 2015
/Users/shadyeldamaty/Dropbox/Projects/ADS/data/ads.subjects/fsqcdir
/Applications/freesurfer/tktools/tksurfer.bin P70538 lh white 
############################


############################
Wed Oct 28 16:54:33 EDT 2015
/Users/shadyeldamaty/Dropbox/Projects/ADS/data/ads.subjects/fsqcdir
/Applications/freesurfer/tktools/tksurfer.bin P70538 rh white 
############################


############################
Wed Oct 28 16:54:42 EDT 2015
/Users/shadyeldamaty/Dropbox/Projects/ADS/data/ads.subjects/fsqcdir
/Applications/freesurfer/tktools/tksurfer.bin R70000 lh white 
############################


############################
Wed Oct 28 16:54:50 EDT 2015
/Users/shadyeldamaty/Dropbox/Projects/ADS/data/ads.subjects/fsqcdir
/Applications/freesurfer/tktools/tksurfer.bin R70000 rh white 
############################


############################
Wed Oct 28 16:54:59 EDT 2015
/Users/shadyeldamaty/Dropbox/Projects/ADS/data/ads.subjects/fsqcdir
/Applications/freesurfer/tktools/tksurfer.bin R70542-w2 lh white 
############################


############################
Wed Oct 28 16:54:59 EDT 2015
/Users/shadyeldamaty/Dropbox/Projects/ADS/data/ads.subjects/fsqcdir
/Applications/freesurfer/tktools/tksurfer.bin R70542-w2 rh white 
############################


############################
Wed Oct 28 16:54:59 EDT 2015
/Users/shadyeldamaty/Dropbox/Projects/ADS/data/ads.subjects/fsqcdir
/Applications/freesurfer/tktools/tksurfer.bin T80040 lh white 
############################


############################
Wed Oct 28 16:55:07 EDT 2015
/Users/shadyeldamaty/Dropbox/Projects/ADS/data/ads.subjects/fsqcdir
/Applications/freesurfer/tktools/tksurfer.bin T80040 rh white 
############################


############################
Wed Oct 28 16:55:15 EDT 2015
/Users/shadyeldamaty/Dropbox/Projects/ADS/data/ads.subjects/fsqcdir
/Applications/freesurfer/tktools/tksurfer.bin T80040-w2 lh white 
############################


############################
Wed Oct 28 16:55:15 EDT 2015
/Users/shadyeldamaty/Dropbox/Projects/ADS/data/ads.subjects/fsqcdir
/Applications/freesurfer/tktools/tksurfer.bin T80040-w2 rh white 
############################


############################
Wed Oct 28 16:55:16 EDT 2015
/Users/shadyeldamaty/Dropbox/Projects/ADS/data/ads.subjects/fsqcdir
/Applications/freesurfer/tktools/tksurfer.bin T80122-w2 lh white 
############################


############################
Wed Oct 28 16:55:23 EDT 2015
/Users/shadyeldamaty/Dropbox/Projects/ADS/data/ads.subjects/fsqcdir
/Applications/freesurfer/tktools/tksurfer.bin T80122-w2 rh white 
############################


############################
Wed Oct 28 16:55:29 EDT 2015
/Users/shadyeldamaty/Dropbox/Projects/ADS/data/ads.subjects/fsqcdir
/Applications/freesurfer/tktools/tksurfer.bin T80188 lh white 
############################


############################
Wed Oct 28 16:55:37 EDT 2015
/Users/shadyeldamaty/Dropbox/Projects/ADS/data/ads.subjects/fsqcdir
/Applications/freesurfer/tktools/tksurfer.bin T80188 rh white 
############################


############################
Wed Oct 28 16:55:44 EDT 2015
/Users/shadyeldamaty/Dropbox/Projects/ADS/data/ads.subjects/fsqcdir
/Applications/freesurfer/tktools/tksurfer.bin T80188-w2 lh white 
############################


############################
Wed Oct 28 16:55:52 EDT 2015
/Users/shadyeldamaty/Dropbox/Projects/ADS/data/ads.subjects/fsqcdir
/Applications/freesurfer/tktools/tksurfer.bin T80188-w2 rh white 
############################


############################
Wed Oct 28 16:56:00 EDT 2015
/Users/shadyeldamaty/Dropbox/Projects/ADS/data/ads.subjects/fsqcdir
/Applications/freesurfer/tktools/tksurfer.bin T80284 lh white 
############################


############################
Wed Oct 28 16:56:08 EDT 2015
/Users/shadyeldamaty/Dropbox/Projects/ADS/data/ads.subjects/fsqcdir
/Applications/freesurfer/tktools/tksurfer.bin T80284 rh white 
############################


############################
Wed Oct 28 16:56:16 EDT 2015
/Users/shadyeldamaty/Dropbox/Projects/ADS/data/ads.subjects/fsqcdir
/Applications/freesurfer/tktools/tksurfer.bin T80284-w2 lh white 
############################


############################
Wed Oct 28 16:56:25 EDT 2015
/Users/shadyeldamaty/Dropbox/Projects/ADS/data/ads.subjects/fsqcdir
/Applications/freesurfer/tktools/tksurfer.bin T80284-w2 rh white 
############################


############################
Wed Oct 28 16:56:33 EDT 2015
/Users/shadyeldamaty/Dropbox/Projects/ADS/data/ads.subjects/fsqcdir
/Applications/freesurfer/tktools/tksurfer.bin T80316 lh white 
############################


############################
Wed Oct 28 16:56:41 EDT 2015
/Users/shadyeldamaty/Dropbox/Projects/ADS/data/ads.subjects/fsqcdir
/Applications/freesurfer/tktools/tksurfer.bin T80316 rh white 
############################


############################
Wed Oct 28 16:56:50 EDT 2015
/Users/shadyeldamaty/Dropbox/Projects/ADS/data/ads.subjects/fsqcdir
/Applications/freesurfer/tktools/tksurfer.bin T80316-w2 lh white 
############################


############################
Wed Oct 28 16:56:58 EDT 2015
/Users/shadyeldamaty/Dropbox/Projects/ADS/data/ads.subjects/fsqcdir
/Applications/freesurfer/tktools/tksurfer.bin T80316-w2 rh white 
############################


############################
Wed Oct 28 16:57:07 EDT 2015
/Users/shadyeldamaty/Dropbox/Projects/ADS/data/ads.subjects/fsqcdir
/Applications/freesurfer/tktools/tksurfer.bin T80457 lh white 
############################


############################
Wed Oct 28 16:57:15 EDT 2015
/Users/shadyeldamaty/Dropbox/Projects/ADS/data/ads.subjects/fsqcdir
/Applications/freesurfer/tktools/tksurfer.bin T80457 rh white 
############################


############################
Wed Oct 28 16:57:24 EDT 2015
/Users/shadyeldamaty/Dropbox/Projects/ADS/data/ads.subjects/fsqcdir
/Applications/freesurfer/tktools/tksurfer.bin T80457-w2 lh white 
############################


############################
Wed Oct 28 16:57:32 EDT 2015
/Users/shadyeldamaty/Dropbox/Projects/ADS/data/ads.subjects/fsqcdir
/Applications/freesurfer/tktools/tksurfer.bin T80457-w2 rh white 
############################


############################
Wed Oct 28 16:57:42 EDT 2015
/Users/shadyeldamaty/Dropbox/Projects/ADS/data/ads.subjects/fsqcdir
/Applications/freesurfer/tktools/tksurfer.bin T80707 lh white 
############################


############################
Wed Oct 28 16:57:50 EDT 2015
/Users/shadyeldamaty/Dropbox/Projects/ADS/data/ads.subjects/fsqcdir
/Applications/freesurfer/tktools/tksurfer.bin T80707 rh white 
############################


############################
Wed Oct 28 16:57:57 EDT 2015
/Users/shadyeldamaty/Dropbox/Projects/ADS/data/ads.subjects/fsqcdir
/Applications/freesurfer/tktools/tksurfer.bin T80707-w2 lh white 
############################


############################
Wed Oct 28 16:58:05 EDT 2015
/Users/shadyeldamaty/Dropbox/Projects/ADS/data/ads.subjects/fsqcdir
/Applications/freesurfer/tktools/tksurfer.bin T80707-w2 rh white 
############################


############################
Wed Oct 28 16:58:13 EDT 2015
/Users/shadyeldamaty/Dropbox/Projects/ADS/data/ads.subjects/fsqcdir
/Applications/freesurfer/tktools/tksurfer.bin T81024 lh white 
############################


############################
Wed Oct 28 16:58:19 EDT 2015
/Users/shadyeldamaty/Dropbox/Projects/ADS/data/ads.subjects/fsqcdir
/Applications/freesurfer/tktools/tksurfer.bin T81024 rh white 
############################


############################
Wed Oct 28 16:58:26 EDT 2015
/Users/shadyeldamaty/Dropbox/Projects/ADS/data/ads.subjects/fsqcdir
/Applications/freesurfer/tktools/tksurfer.bin T92627 lh white 
############################


############################
Wed Oct 28 16:58:34 EDT 2015
/Users/shadyeldamaty/Dropbox/Projects/ADS/data/ads.subjects/fsqcdir
/Applications/freesurfer/tktools/tksurfer.bin T92627 rh white 
############################


############################
Wed Oct 28 16:58:42 EDT 2015
/Users/shadyeldamaty/Dropbox/Projects/ADS/data/ads.subjects/fsqcdir
/Applications/freesurfer/tktools/tksurfer.bin T92627-w2 lh white 
############################


############################
Wed Oct 28 16:58:49 EDT 2015
/Users/shadyeldamaty/Dropbox/Projects/ADS/data/ads.subjects/fsqcdir
/Applications/freesurfer/tktools/tksurfer.bin T92627-w2 rh white 
############################


############################
Wed Oct 28 16:58:57 EDT 2015
/Users/shadyeldamaty/Dropbox/Projects/ADS/data/ads.subjects/fsqcdir
/Applications/freesurfer/tktools/tksurfer.bin T92849 lh white 
############################


############################
Wed Oct 28 16:59:06 EDT 2015
/Users/shadyeldamaty/Dropbox/Projects/ADS/data/ads.subjects/fsqcdir
/Applications/freesurfer/tktools/tksurfer.bin T92849 rh white 
############################


############################
Wed Oct 28 16:59:14 EDT 2015
/Users/shadyeldamaty/Dropbox/Projects/ADS/data/ads.subjects/fsqcdir
/Applications/freesurfer/tktools/tksurfer.bin T92849-w2 lh white 
############################


############################
Wed Oct 28 16:59:22 EDT 2015
/Users/shadyeldamaty/Dropbox/Projects/ADS/data/ads.subjects/fsqcdir
/Applications/freesurfer/tktools/tksurfer.bin T92849-w2 rh white 
############################


############################
Wed Oct 28 16:59:30 EDT 2015
/Users/shadyeldamaty/Dropbox/Projects/ADS/data/ads.subjects/fsqcdir
/Applications/freesurfer/tktools/tksurfer.bin T92927 lh white 
############################


############################
Wed Oct 28 16:59:37 EDT 2015
/Users/shadyeldamaty/Dropbox/Projects/ADS/data/ads.subjects/fsqcdir
/Applications/freesurfer/tktools/tksurfer.bin T92927 rh white 
############################


############################
Wed Oct 28 16:59:44 EDT 2015
/Users/shadyeldamaty/Dropbox/Projects/ADS/data/ads.subjects/fsqcdir
/Applications/freesurfer/tktools/tksurfer.bin T92927-w2 lh white 
############################


############################
Wed Oct 28 16:59:52 EDT 2015
/Users/shadyeldamaty/Dropbox/Projects/ADS/data/ads.subjects/fsqcdir
/Applications/freesurfer/tktools/tksurfer.bin T92927-w2 rh white 
############################


############################
Wed Oct 28 16:59:59 EDT 2015
/Users/shadyeldamaty/Dropbox/Projects/ADS/data/ads.subjects/fsqcdir
/Applications/freesurfer/tktools/tksurfer.bin T93075 lh white 
############################


############################
Wed Oct 28 17:00:08 EDT 2015
/Users/shadyeldamaty/Dropbox/Projects/ADS/data/ads.subjects/fsqcdir
/Applications/freesurfer/tktools/tksurfer.bin T93075 rh white 
############################


############################
Wed Oct 28 17:00:17 EDT 2015
/Users/shadyeldamaty/Dropbox/Projects/ADS/data/ads.subjects/fsqcdir
/Applications/freesurfer/tktools/tksurfer.bin T93075-w2 lh white 
############################


############################
Wed Oct 28 17:00:27 EDT 2015
/Users/shadyeldamaty/Dropbox/Projects/ADS/data/ads.subjects/fsqcdir
/Applications/freesurfer/tktools/tksurfer.bin T93075-w2 rh white 
############################


############################
Wed Oct 28 17:00:36 EDT 2015
/Users/shadyeldamaty/Dropbox/Projects/ADS/data/ads.subjects/fsqcdir
/Applications/freesurfer/tktools/tksurfer.bin T93235 lh white 
############################


############################
Wed Oct 28 17:00:45 EDT 2015
/Users/shadyeldamaty/Dropbox/Projects/ADS/data/ads.subjects/fsqcdir
/Applications/freesurfer/tktools/tksurfer.bin T93235 rh white 
############################


############################
Wed Oct 28 17:00:53 EDT 2015
/Users/shadyeldamaty/Dropbox/Projects/ADS/data/ads.subjects/fsqcdir
/Applications/freesurfer/tktools/tksurfer.bin T93235-w2 lh white 
############################


############################
Wed Oct 28 17:01:01 EDT 2015
/Users/shadyeldamaty/Dropbox/Projects/ADS/data/ads.subjects/fsqcdir
/Applications/freesurfer/tktools/tksurfer.bin T93235-w2 rh white 
############################


############################
Wed Oct 28 17:01:11 EDT 2015
/Users/shadyeldamaty/Dropbox/Projects/ADS/data/ads.subjects/fsqcdir
/Applications/freesurfer/tktools/tksurfer.bin T93316 lh white 
############################


############################
Wed Oct 28 17:01:20 EDT 2015
/Users/shadyeldamaty/Dropbox/Projects/ADS/data/ads.subjects/fsqcdir
/Applications/freesurfer/tktools/tksurfer.bin T93316 rh white 
############################


############################
Wed Oct 28 17:01:29 EDT 2015
/Users/shadyeldamaty/Dropbox/Projects/ADS/data/ads.subjects/fsqcdir
/Applications/freesurfer/tktools/tksurfer.bin T93316-w2 lh white 
############################


############################
Wed Oct 28 17:01:37 EDT 2015
/Users/shadyeldamaty/Dropbox/Projects/ADS/data/ads.subjects/fsqcdir
/Applications/freesurfer/tktools/tksurfer.bin T93316-w2 rh white 
############################


############################
Wed Oct 28 17:01:46 EDT 2015
/Users/shadyeldamaty/Dropbox/Projects/ADS/data/ads.subjects/fsqcdir
/Applications/freesurfer/tktools/tksurfer.bin T94175 lh white 
############################


############################
Wed Oct 28 17:01:55 EDT 2015
/Users/shadyeldamaty/Dropbox/Projects/ADS/data/ads.subjects/fsqcdir
/Applications/freesurfer/tktools/tksurfer.bin T94175 rh white 
############################


############################
Wed Oct 28 17:02:04 EDT 2015
/Users/shadyeldamaty/Dropbox/Projects/ADS/data/ads.subjects/fsqcdir
/Applications/freesurfer/tktools/tksurfer.bin T94339 lh white 
############################


############################
Wed Oct 28 17:02:15 EDT 2015
/Users/shadyeldamaty/Dropbox/Projects/ADS/data/ads.subjects/fsqcdir
/Applications/freesurfer/tktools/tksurfer.bin T94339 rh white 
############################


############################
Wed Oct 28 17:02:25 EDT 2015
/Users/shadyeldamaty/Dropbox/Projects/ADS/data/ads.subjects/fsqcdir
/Applications/freesurfer/tktools/tksurfer.bin T94339-w2 lh white 
############################


############################
Wed Oct 28 17:02:35 EDT 2015
/Users/shadyeldamaty/Dropbox/Projects/ADS/data/ads.subjects/fsqcdir
/Applications/freesurfer/tktools/tksurfer.bin T94339-w2 rh white 
############################


############################
Wed Oct 28 17:02:45 EDT 2015
/Users/shadyeldamaty/Dropbox/Projects/ADS/data/ads.subjects/fsqcdir
/Applications/freesurfer/tktools/tksurfer.bin T95004 lh white 
############################


############################
Wed Oct 28 17:02:54 EDT 2015
/Users/shadyeldamaty/Dropbox/Projects/ADS/data/ads.subjects/fsqcdir
/Applications/freesurfer/tktools/tksurfer.bin T95004 rh white 
############################


############################
Wed Oct 28 17:03:02 EDT 2015
/Users/shadyeldamaty/Dropbox/Projects/ADS/data/ads.subjects/fsqcdir
/Applications/freesurfer/tktools/tksurfer.bin T95004-w2 lh white 
############################


############################
Wed Oct 28 17:03:10 EDT 2015
/Users/shadyeldamaty/Dropbox/Projects/ADS/data/ads.subjects/fsqcdir
/Applications/freesurfer/tktools/tksurfer.bin T95004-w2 rh white 
############################


############################
Wed Oct 28 17:03:18 EDT 2015
/Users/shadyeldamaty/Dropbox/Projects/ADS/data/ads.subjects/fsqcdir
/Applications/freesurfer/tktools/tksurfer.bin T95093 lh white 
############################


############################
Wed Oct 28 17:03:27 EDT 2015
/Users/shadyeldamaty/Dropbox/Projects/ADS/data/ads.subjects/fsqcdir
/Applications/freesurfer/tktools/tksurfer.bin T95093 rh white 
############################


############################
Wed Oct 28 17:03:36 EDT 2015
/Users/shadyeldamaty/Dropbox/Projects/ADS/data/ads.subjects/fsqcdir
/Applications/freesurfer/tktools/tksurfer.bin T95093-w2 lh white 
############################


############################
Wed Oct 28 17:03:44 EDT 2015
/Users/shadyeldamaty/Dropbox/Projects/ADS/data/ads.subjects/fsqcdir
/Applications/freesurfer/tktools/tksurfer.bin T95093-w2 rh white 
############################


############################
Wed Oct 28 17:03:53 EDT 2015
/Users/shadyeldamaty/Dropbox/Projects/ADS/data/ads.subjects/fsqcdir
/Applications/freesurfer/tktools/tksurfer.bin T95313 lh white 
############################


############################
Wed Oct 28 17:04:02 EDT 2015
/Users/shadyeldamaty/Dropbox/Projects/ADS/data/ads.subjects/fsqcdir
/Applications/freesurfer/tktools/tksurfer.bin T95313 rh white 
############################


############################
Wed Oct 28 17:04:11 EDT 2015
/Users/shadyeldamaty/Dropbox/Projects/ADS/data/ads.subjects/fsqcdir
/Applications/freesurfer/tktools/tksurfer.bin T95313-w2 lh white 
############################


############################
Wed Oct 28 17:04:20 EDT 2015
/Users/shadyeldamaty/Dropbox/Projects/ADS/data/ads.subjects/fsqcdir
/Applications/freesurfer/tktools/tksurfer.bin T95313-w2 rh white 
############################


############################
Wed Oct 28 17:04:28 EDT 2015
/Users/shadyeldamaty/Dropbox/Projects/ADS/data/ads.subjects/fsqcdir
/Applications/freesurfer/tktools/tksurfer.bin T95315 lh white 
############################


############################
Wed Oct 28 17:04:35 EDT 2015
/Users/shadyeldamaty/Dropbox/Projects/ADS/data/ads.subjects/fsqcdir
/Applications/freesurfer/tktools/tksurfer.bin T95315 rh white 
############################


############################
Wed Oct 28 17:04:43 EDT 2015
/Users/shadyeldamaty/Dropbox/Projects/ADS/data/ads.subjects/fsqcdir
/Applications/freesurfer/tktools/tksurfer.bin T95769 lh white 
############################


############################
Wed Oct 28 17:04:51 EDT 2015
/Users/shadyeldamaty/Dropbox/Projects/ADS/data/ads.subjects/fsqcdir
/Applications/freesurfer/tktools/tksurfer.bin T95769 rh white 
############################


############################
Wed Oct 28 17:04:59 EDT 2015
/Users/shadyeldamaty/Dropbox/Projects/ADS/data/ads.subjects/fsqcdir
/Applications/freesurfer/tktools/tksurfer.bin T95903 lh white 
############################


############################
Wed Oct 28 17:05:07 EDT 2015
/Users/shadyeldamaty/Dropbox/Projects/ADS/data/ads.subjects/fsqcdir
/Applications/freesurfer/tktools/tksurfer.bin T95903 rh white 
############################


############################
Wed Oct 28 17:05:15 EDT 2015
/Users/shadyeldamaty/Dropbox/Projects/ADS/data/ads.subjects/fsqcdir
/Applications/freesurfer/tktools/tksurfer.bin T96405 lh white 
############################


############################
Wed Oct 28 17:05:24 EDT 2015
/Users/shadyeldamaty/Dropbox/Projects/ADS/data/ads.subjects/fsqcdir
/Applications/freesurfer/tktools/tksurfer.bin T96405 rh white 
############################


############################
Wed Oct 28 17:05:33 EDT 2015
/Users/shadyeldamaty/Dropbox/Projects/ADS/data/ads.subjects/fsqcdir
/Applications/freesurfer/tktools/tksurfer.bin T96405-w2 lh white 
############################


############################
Wed Oct 28 17:05:34 EDT 2015
/Users/shadyeldamaty/Dropbox/Projects/ADS/data/ads.subjects/fsqcdir
/Applications/freesurfer/tktools/tksurfer.bin T96405-w2 rh white 
############################


############################
Wed Oct 28 17:05:34 EDT 2015
/Users/shadyeldamaty/Dropbox/Projects/ADS/data/ads.subjects/fsqcdir
/Applications/freesurfer/tktools/tksurfer.bin T96815 lh white 
############################


############################
Wed Oct 28 17:05:42 EDT 2015
/Users/shadyeldamaty/Dropbox/Projects/ADS/data/ads.subjects/fsqcdir
/Applications/freesurfer/tktools/tksurfer.bin T96815 rh white 
############################


############################
Wed Oct 28 17:05:51 EDT 2015
/Users/shadyeldamaty/Dropbox/Projects/ADS/data/ads.subjects/fsqcdir
/Applications/freesurfer/tktools/tksurfer.bin T96815-w2 lh white 
############################


############################
Wed Oct 28 17:05:59 EDT 2015
/Users/shadyeldamaty/Dropbox/Projects/ADS/data/ads.subjects/fsqcdir
/Applications/freesurfer/tktools/tksurfer.bin T96815-w2 rh white 
############################


############################
Wed Oct 28 17:06:07 EDT 2015
/Users/shadyeldamaty/Dropbox/Projects/ADS/data/ads.subjects/fsqcdir
/Applications/freesurfer/tktools/tksurfer.bin W70595 lh white 
############################


############################
Wed Oct 28 17:06:15 EDT 2015
/Users/shadyeldamaty/Dropbox/Projects/ADS/data/ads.subjects/fsqcdir
/Applications/freesurfer/tktools/tksurfer.bin W70595 rh white 
############################


############################
Wed Oct 28 17:06:23 EDT 2015
/Users/shadyeldamaty/Dropbox/Projects/ADS/data/ads.subjects/fsqcdir
/Applications/freesurfer/tktools/tksurfer.bin W70596 lh white 
############################


############################
Wed Oct 28 17:06:31 EDT 2015
/Users/shadyeldamaty/Dropbox/Projects/ADS/data/ads.subjects/fsqcdir
/Applications/freesurfer/tktools/tksurfer.bin W70596 rh white 
############################


############################
Wed Oct 28 17:06:40 EDT 2015
/Users/shadyeldamaty/Dropbox/Projects/ADS/data/ads.subjects/fsqcdir
/Applications/freesurfer/tktools/tksurfer.bin W70596-w2 lh white 
############################


############################
Wed Oct 28 17:06:49 EDT 2015
/Users/shadyeldamaty/Dropbox/Projects/ADS/data/ads.subjects/fsqcdir
/Applications/freesurfer/tktools/tksurfer.bin W70596-w2 rh white 
############################


############################
Wed Oct 28 17:06:57 EDT 2015
/Users/shadyeldamaty/Dropbox/Projects/ADS/data/ads.subjects/fsqcdir
/Applications/freesurfer/tktools/tksurfer.bin W70603 lh white 
############################


############################
Wed Oct 28 17:07:05 EDT 2015
/Users/shadyeldamaty/Dropbox/Projects/ADS/data/ads.subjects/fsqcdir
/Applications/freesurfer/tktools/tksurfer.bin W70603 rh white 
############################


############################
Wed Oct 28 17:07:12 EDT 2015
/Users/shadyeldamaty/Dropbox/Projects/ADS/data/ads.subjects/fsqcdir
/Applications/freesurfer/tktools/tksurfer.bin fsaverage lh white 
############################


############################
Wed Oct 28 17:07:22 EDT 2015
/Users/shadyeldamaty/Dropbox/Projects/ADS/data/ads.subjects/fsqcdir
/Applications/freesurfer/tktools/tksurfer.bin fsaverage rh white 
############################


############################
Wed Oct 28 17:07:31 EDT 2015
/Users/shadyeldamaty/Dropbox/Projects/ADS/data/ads.subjects/fsqcdir
/Applications/freesurfer/tktools/tksurfer.bin fsqcdir lh white 
############################


############################
Wed Oct 28 17:07:31 EDT 2015
/Users/shadyeldamaty/Dropbox/Projects/ADS/data/ads.subjects/fsqcdir
/Applications/freesurfer/tktools/tksurfer.bin fsqcdir rh white 
############################


############################
Wed Oct 28 17:07:31 EDT 2015
/Users/shadyeldamaty/Dropbox/Projects/ADS/data/ads.subjects/fsqcdir
/Applications/freesurfer/tktools/tksurfer.bin lh.EC_average lh white 
############################


############################
Wed Oct 28 17:07:38 EDT 2015
/Users/shadyeldamaty/Dropbox/Projects/ADS/data/ads.subjects/fsqcdir
/Applications/freesurfer/tktools/tksurfer.bin lh.EC_average rh white 
############################


############################
Wed Oct 28 17:07:39 EDT 2015
/Users/shadyeldamaty/Dropbox/Projects/ADS/data/ads.subjects/fsqcdir
/Applications/freesurfer/tktools/tksurfer.bin rh.EC_average lh white 
############################


############################
Wed Oct 28 17:07:40 EDT 2015
/Users/shadyeldamaty/Dropbox/Projects/ADS/data/ads.subjects/fsqcdir
/Applications/freesurfer/tktools/tksurfer.bin rh.EC_average rh white 
############################
